#
# There is insufficient memory for the Java Runtime Environment to continue.
# Native memory allocation (mmap) failed to map 1253048320 bytes for committing reserved memory.
# Possible reasons:
#   The system is out of physical RAM or swap space
#   In 32 bit mode, the process size limit was hit
# Possible solutions:
#   Reduce memory load on the system
#   Increase physical memory or swap space
#   Check if swap backing store is full
#   Use 64 bit Java on a 64 bit OS
#   Decrease Java heap size (-Xmx/-Xms)
#   Decrease number of Java threads
#   Decrease Java thread stack sizes (-Xss)
#   Set larger code cache with -XX:ReservedCodeCacheSize=
# This output file may be truncated or incomplete.
#
#  Out of Memory Error (os_linux.cpp:2673), pid=617, tid=140715422357248
#
# JRE version:  (8.0_45-b14) (build )
# Java VM: Java HotSpot(TM) 64-Bit Server VM (25.45-b02 mixed mode linux-amd64 compressed oops)
# Failed to write core dump. Core dumps have been disabled. To enable core dumping, try "ulimit -c unlimited" before starting Java again
#

---------------  T H R E A D  ---------------

Current thread (0x00007ffad400a000):  JavaThread "Unknown thread" [_thread_in_vm, id=622, stack(0x00007ffadcb39000,0x00007ffadcc3a000)]

Stack: [0x00007ffadcb39000,0x00007ffadcc3a000],  sp=0x00007ffadcc38370,  free space=1020k
Native frames: (J=compiled Java code, j=interpreted, Vv=VM code, C=native code)
V  [libjvm.so+0xaac99a]  VMError::report_and_die()+0x2ba
V  [libjvm.so+0x4f333b]  report_vm_out_of_memory(char const*, int, unsigned long, VMErrorType, char const*)+0x8b
V  [libjvm.so+0x90e7c3]  os::Linux::commit_memory_impl(char*, unsigned long, bool)+0x103
V  [libjvm.so+0x90ed19]  os::pd_commit_memory(char*, unsigned long, unsigned long, bool)+0x29
V  [libjvm.so+0x90867a]  os::commit_memory(char*, unsigned long, unsigned long, bool)+0x2a
V  [libjvm.so+0x97bac3]  PSVirtualSpace::expand_by(unsigned long)+0x53
V  [libjvm.so+0x96bb77]  PSOldGen::initialize(ReservedSpace, unsigned long, char const*, int)+0xb7
V  [libjvm.so+0x2d4cda]  AdjoiningGenerations::AdjoiningGenerations(ReservedSpace, GenerationSizer*, unsigned long)+0x39a
V  [libjvm.so+0x931716]  ParallelScavengeHeap::initialize()+0x1d6
V  [libjvm.so+0xa75aab]  Universe::initialize_heap()+0xfb
V  [libjvm.so+0xa75e1e]  universe_init()+0x3e
V  [libjvm.so+0x62f635]  init_globals()+0x65
V  [libjvm.so+0xa5a02e]  Threads::create_vm(JavaVMInitArgs*, bool*)+0x23e
V  [libjvm.so+0x6c3244]  JNI_CreateJavaVM+0x74
C  [libjli.so+0x745e]  JavaMain+0x9e
C  [libpthread.so.0+0x8182]  start_thread+0xc2


---------------  P R O C E S S  ---------------

Java Threads: ( => current thread )

Other Threads:

=>0x00007ffad400a000 (exited) JavaThread "Unknown thread" [_thread_in_vm, id=622, stack(0x00007ffadcb39000,0x00007ffadcc3a000)]

VM state:not at safepoint (not fully initialized)

VM Mutex/Monitor currently owned by a thread: None

GC Heap History (0 events):
No events

Deoptimization events (0 events):
No events

Internal exceptions (0 events):
No events

Events (0 events):
No events


Dynamic libraries:
00400000-00401000 r-xp 00000000 08:01 3541158                            /usr/lib/jvm/java-8-oracle/jre/bin/java
00600000-00601000 rw-p 00000000 08:01 3541158                            /usr/lib/jvm/java-8-oracle/jre/bin/java
020f0000-02111000 rw-p 00000000 00:00 0                                  [heap]
dab00000-100000000 rw-p 00000000 00:00 0 
7ffac5000000-7ffac5270000 rwxp 00000000 00:00 0 
7ffac5270000-7ffad4000000 ---p 00000000 00:00 0 
7ffad4000000-7ffad4032000 rw-p 00000000 00:00 0 
7ffad4032000-7ffad8000000 ---p 00000000 00:00 0 
7ffad9308000-7ffad958c000 rw-p 00000000 00:00 0 
7ffad958c000-7ffad97e1000 ---p 00000000 00:00 0 
7ffad97e1000-7ffad9917000 rw-p 00000000 00:00 0 
7ffad9917000-7ffad9ccd000 ---p 00000000 00:00 0 
7ffad9ccd000-7ffad9ce7000 r-xp 00000000 08:01 1976707                    /usr/lib/jvm/java-8-oracle/jre/lib/amd64/libzip.so
7ffad9ce7000-7ffad9ee7000 ---p 0001a000 08:01 1976707                    /usr/lib/jvm/java-8-oracle/jre/lib/amd64/libzip.so
7ffad9ee7000-7ffad9ee8000 rw-p 0001a000 08:01 1976707                    /usr/lib/jvm/java-8-oracle/jre/lib/amd64/libzip.so
7ffad9ee8000-7ffad9ef3000 r-xp 00000000 08:01 394402                     /lib/x86_64-linux-gnu/libnss_files-2.19.so
7ffad9ef3000-7ffada0f2000 ---p 0000b000 08:01 394402                     /lib/x86_64-linux-gnu/libnss_files-2.19.so
7ffada0f2000-7ffada0f3000 r--p 0000a000 08:01 394402                     /lib/x86_64-linux-gnu/libnss_files-2.19.so
7ffada0f3000-7ffada0f4000 rw-p 0000b000 08:01 394402                     /lib/x86_64-linux-gnu/libnss_files-2.19.so
7ffada0f4000-7ffada0ff000 r-xp 00000000 08:01 400322                     /lib/x86_64-linux-gnu/libnss_nis-2.19.so
7ffada0ff000-7ffada2fe000 ---p 0000b000 08:01 400322                     /lib/x86_64-linux-gnu/libnss_nis-2.19.so
7ffada2fe000-7ffada2ff000 r--p 0000a000 08:01 400322                     /lib/x86_64-linux-gnu/libnss_nis-2.19.so
7ffada2ff000-7ffada300000 rw-p 0000b000 08:01 400322                     /lib/x86_64-linux-gnu/libnss_nis-2.19.so
7ffada300000-7ffada317000 r-xp 00000000 08:01 397439                     /lib/x86_64-linux-gnu/libnsl-2.19.so
7ffada317000-7ffada516000 ---p 00017000 08:01 397439                     /lib/x86_64-linux-gnu/libnsl-2.19.so
7ffada516000-7ffada517000 r--p 00016000 08:01 397439                     /lib/x86_64-linux-gnu/libnsl-2.19.so
7ffada517000-7ffada518000 rw-p 00017000 08:01 397439                     /lib/x86_64-linux-gnu/libnsl-2.19.so
7ffada518000-7ffada51a000 rw-p 00000000 00:00 0 
7ffada51a000-7ffada523000 r-xp 00000000 08:01 397432                     /lib/x86_64-linux-gnu/libnss_compat-2.19.so
7ffada523000-7ffada722000 ---p 00009000 08:01 397432                     /lib/x86_64-linux-gnu/libnss_compat-2.19.so
7ffada722000-7ffada723000 r--p 00008000 08:01 397432                     /lib/x86_64-linux-gnu/libnss_compat-2.19.so
7ffada723000-7ffada724000 rw-p 00009000 08:01 397432                     /lib/x86_64-linux-gnu/libnss_compat-2.19.so
7ffada724000-7ffada74e000 r-xp 00000000 08:01 1976696                    /usr/lib/jvm/java-8-oracle/jre/lib/amd64/libjava.so
7ffada74e000-7ffada94e000 ---p 0002a000 08:01 1976696                    /usr/lib/jvm/java-8-oracle/jre/lib/amd64/libjava.so
7ffada94e000-7ffada950000 rw-p 0002a000 08:01 1976696                    /usr/lib/jvm/java-8-oracle/jre/lib/amd64/libjava.so
7ffada950000-7ffada95d000 r-xp 00000000 08:01 1976709                    /usr/lib/jvm/java-8-oracle/jre/lib/amd64/libverify.so
7ffada95d000-7ffadab5d000 ---p 0000d000 08:01 1976709                    /usr/lib/jvm/java-8-oracle/jre/lib/amd64/libverify.so
7ffadab5d000-7ffadab5f000 rw-p 0000d000 08:01 1976709                    /usr/lib/jvm/java-8-oracle/jre/lib/amd64/libverify.so
7ffadab5f000-7ffadab66000 r-xp 00000000 08:01 400319                     /lib/x86_64-linux-gnu/librt-2.19.so
7ffadab66000-7ffadad65000 ---p 00007000 08:01 400319                     /lib/x86_64-linux-gnu/librt-2.19.so
7ffadad65000-7ffadad66000 r--p 00006000 08:01 400319                     /lib/x86_64-linux-gnu/librt-2.19.so
7ffadad66000-7ffadad67000 rw-p 00007000 08:01 400319                     /lib/x86_64-linux-gnu/librt-2.19.so
7ffadad67000-7ffadae6c000 r-xp 00000000 08:01 393317                     /lib/x86_64-linux-gnu/libm-2.19.so
7ffadae6c000-7ffadb06b000 ---p 00105000 08:01 393317                     /lib/x86_64-linux-gnu/libm-2.19.so
7ffadb06b000-7ffadb06c000 r--p 00104000 08:01 393317                     /lib/x86_64-linux-gnu/libm-2.19.so
7ffadb06c000-7ffadb06d000 rw-p 00105000 08:01 393317                     /lib/x86_64-linux-gnu/libm-2.19.so
7ffadb06d000-7ffadbd1b000 r-xp 00000000 08:01 2106877                    /usr/lib/jvm/java-8-oracle/jre/lib/amd64/server/libjvm.so
7ffadbd1b000-7ffadbf1a000 ---p 00cae000 08:01 2106877                    /usr/lib/jvm/java-8-oracle/jre/lib/amd64/server/libjvm.so
7ffadbf1a000-7ffadbff1000 rw-p 00cad000 08:01 2106877                    /usr/lib/jvm/java-8-oracle/jre/lib/amd64/server/libjvm.so
7ffadbff1000-7ffadc035000 rw-p 00000000 00:00 0 
7ffadc035000-7ffadc1f0000 r-xp 00000000 08:01 400316                     /lib/x86_64-linux-gnu/libc-2.19.so
7ffadc1f0000-7ffadc3ef000 ---p 001bb000 08:01 400316                     /lib/x86_64-linux-gnu/libc-2.19.so
7ffadc3ef000-7ffadc3f3000 r--p 001ba000 08:01 400316                     /lib/x86_64-linux-gnu/libc-2.19.so
7ffadc3f3000-7ffadc3f5000 rw-p 001be000 08:01 400316                     /lib/x86_64-linux-gnu/libc-2.19.so
7ffadc3f5000-7ffadc3fa000 rw-p 00000000 00:00 0 
7ffadc3fa000-7ffadc3fd000 r-xp 00000000 08:01 397412                     /lib/x86_64-linux-gnu/libdl-2.19.so
7ffadc3fd000-7ffadc5fc000 ---p 00003000 08:01 397412                     /lib/x86_64-linux-gnu/libdl-2.19.so
7ffadc5fc000-7ffadc5fd000 r--p 00002000 08:01 397412                     /lib/x86_64-linux-gnu/libdl-2.19.so
7ffadc5fd000-7ffadc5fe000 rw-p 00003000 08:01 397412                     /lib/x86_64-linux-gnu/libdl-2.19.so
7ffadc5fe000-7ffadc613000 r-xp 00000000 08:01 1976712                    /usr/lib/jvm/java-8-oracle/jre/lib/amd64/jli/libjli.so
7ffadc613000-7ffadc813000 ---p 00015000 08:01 1976712                    /usr/lib/jvm/java-8-oracle/jre/lib/amd64/jli/libjli.so
7ffadc813000-7ffadc814000 rw-p 00015000 08:01 1976712                    /usr/lib/jvm/java-8-oracle/jre/lib/amd64/jli/libjli.so
7ffadc814000-7ffadc82d000 r-xp 00000000 08:01 400317                     /lib/x86_64-linux-gnu/libpthread-2.19.so
7ffadc82d000-7ffadca2c000 ---p 00019000 08:01 400317                     /lib/x86_64-linux-gnu/libpthread-2.19.so
7ffadca2c000-7ffadca2d000 r--p 00018000 08:01 400317                     /lib/x86_64-linux-gnu/libpthread-2.19.so
7ffadca2d000-7ffadca2e000 rw-p 00019000 08:01 400317                     /lib/x86_64-linux-gnu/libpthread-2.19.so
7ffadca2e000-7ffadca32000 rw-p 00000000 00:00 0 
7ffadca32000-7ffadca55000 r-xp 00000000 08:01 400313                     /lib/x86_64-linux-gnu/ld-2.19.so
7ffadcb39000-7ffadcb3c000 ---p 00000000 00:00 0 
7ffadcb3c000-7ffadcc3e000 rw-p 00000000 00:00 0                          [stack:622]
7ffadcc45000-7ffadcc48000 rw-p 00000000 00:00 0 
7ffadcc48000-7ffadcc50000 rw-s 00000000 08:01 2753593                    /tmp/hsperfdata_parallels/617
7ffadcc50000-7ffadcc51000 rw-p 00000000 00:00 0 
7ffadcc51000-7ffadcc52000 r--p 00000000 00:00 0 
7ffadcc52000-7ffadcc54000 rw-p 00000000 00:00 0 
7ffadcc54000-7ffadcc55000 r--p 00022000 08:01 400313                     /lib/x86_64-linux-gnu/ld-2.19.so
7ffadcc55000-7ffadcc56000 rw-p 00023000 08:01 400313                     /lib/x86_64-linux-gnu/ld-2.19.so
7ffadcc56000-7ffadcc57000 rw-p 00000000 00:00 0 
7fff70ace000-7fff70af0000 rw-p 00000000 00:00 0                          [stack]
7fff70b20000-7fff70b22000 r-xp 00000000 00:00 0                          [vdso]
ffffffffff600000-ffffffffff601000 r-xp 00000000 00:00 0                  [vsyscall]

VM Arguments:
jvm_args: -Duser.timezone=Asia/Katmandu -Xmx1792m -Xms1792m -XX:OnOutOfMemoryError=kill -9 %p -XX:+HeapDumpOnOutOfMemoryError 
java_command: /home/parallels/git/presto-fork/presto/presto-dynamo/target/surefire/surefirebooter5107840173124977551.jar /home/parallels/git/presto-fork/presto/presto-dynamo/target/surefire/surefire349079419859531346tmp /home/parallels/git/presto-fork/presto/presto-dynamo/target/surefire/surefire_03829856682245796276tmp
java_class_path (initial): /home/parallels/git/presto-fork/presto/presto-dynamo/target/surefire/surefirebooter5107840173124977551.jar
Launcher Type: SUN_STANDARD

Environment Variables:
JAVA_HOME=/usr/lib/jvm/java-8-oracle
PATH=/usr/local/sbin:/usr/local/bin:/usr/sbin:/usr/bin:/sbin:/bin:/usr/games:/usr/local/games:/usr/lib/jvm/java-8-oracle/bin:/usr/lib/jvm/java-8-oracle/db/bin:/usr/lib/jvm/java-8-oracle/jre/bin
SHELL=/bin/bash
DISPLAY=:0

Signal Handlers:
SIGSEGV: [libjvm.so+0xaad1e0], sa_mask[0]=11111111011111111101111111111110, sa_flags=SA_RESTART|SA_SIGINFO
SIGBUS: [libjvm.so+0xaad1e0], sa_mask[0]=11111111011111111101111111111110, sa_flags=SA_RESTART|SA_SIGINFO
SIGFPE: [libjvm.so+0x90b450], sa_mask[0]=11111111011111111101111111111110, sa_flags=SA_RESTART|SA_SIGINFO
SIGPIPE: [libjvm.so+0x90b450], sa_mask[0]=11111111011111111101111111111110, sa_flags=SA_RESTART|SA_SIGINFO
SIGXFSZ: [libjvm.so+0x90b450], sa_mask[0]=11111111011111111101111111111110, sa_flags=SA_RESTART|SA_SIGINFO
SIGILL: [libjvm.so+0x90b450], sa_mask[0]=11111111011111111101111111111110, sa_flags=SA_RESTART|SA_SIGINFO
SIGUSR1: SIG_DFL, sa_mask[0]=00000000000000000000000000000000, sa_flags=none
SIGUSR2: [libjvm.so+0x90ca90], sa_mask[0]=00100000000000000000000000000000, sa_flags=SA_RESTART|SA_SIGINFO
SIGHUP: SIG_DFL, sa_mask[0]=00000000000000000000000000000000, sa_flags=none
SIGINT: SIG_DFL, sa_mask[0]=00000000000000000000000000000000, sa_flags=none
SIGTERM: SIG_DFL, sa_mask[0]=00000000000000000000000000000000, sa_flags=none
SIGQUIT: SIG_DFL, sa_mask[0]=00000000000000000000000000000000, sa_flags=none


---------------  S Y S T E M  ---------------

OS:DISTRIB_ID=Ubuntu
DISTRIB_RELEASE=14.04
DISTRIB_CODENAME=trusty
DISTRIB_DESCRIPTION="Ubuntu 14.04.2 LTS"

uname:Linux 3.13.0-49-generic #83-Ubuntu SMP Fri Apr 10 20:11:33 UTC 2015 x86_64
libc:glibc 2.19 NPTL 2.19 
rlimit: STACK 8192k, CORE 0k, NPROC 23367, NOFILE 4096, AS infinity
load average:0.93 0.51 0.55

/proc/meminfo:
MemTotal:        3012672 kB
MemFree:          377308 kB
Buffers:           32744 kB
Cached:           296984 kB
SwapCached:       108432 kB
Active:          1816792 kB
Inactive:         686588 kB
Active(anon):    1738780 kB
Inactive(anon):   435896 kB
Active(file):      78012 kB
Inactive(file):   250692 kB
Unevictable:          56 kB
Mlocked:              56 kB
SwapTotal:       1046524 kB
SwapFree:         153440 kB
Dirty:               844 kB
Writeback:             0 kB
AnonPages:       2065356 kB
Mapped:            57156 kB
Shmem:              1076 kB
Slab:              62788 kB
SReclaimable:      33148 kB
SUnreclaim:        29640 kB
KernelStack:        4840 kB
PageTables:        31440 kB
NFS_Unstable:          0 kB
Bounce:                0 kB
WritebackTmp:          0 kB
CommitLimit:     2552860 kB
Committed_AS:    6163596 kB
VmallocTotal:   34359738367 kB
VmallocUsed:       27100 kB
VmallocChunk:   34359646619 kB
HardwareCorrupted:     0 kB
AnonHugePages:   1196032 kB
HugePages_Total:       0
HugePages_Free:        0
HugePages_Rsvd:        0
HugePages_Surp:        0
Hugepagesize:       2048 kB
DirectMap4k:       49088 kB
DirectMap2M:     3096576 kB


CPU:total 2 (2 cores per cpu, 1 threads per core) family 6 model 69 stepping 1, cmov, cx8, fxsr, mmx, sse, sse2, sse3, ssse3, sse4.1, sse4.2, popcnt, avx, aes, clmul, erms, tsc, tscinvbit

/proc/cpuinfo:
processor	: 0
vendor_id	: GenuineIntel
cpu family	: 6
model		: 69
model name	: Intel(R) Core(TM) i5-4258U CPU @ 2.40GHz
stepping	: 1
cpu MHz		: 2400.000
cache size	: 3072 KB
physical id	: 0
siblings	: 2
core id		: 0
cpu cores	: 2
apicid		: 0
initial apicid	: 0
fpu		: yes
fpu_exception	: yes
cpuid level	: 13
wp		: yes
flags		: fpu vme de pse tsc msr pae mce cx8 apic sep mtrr pge mca cmov pat pse36 clflush mmx fxsr sse sse2 ss ht syscall nx rdtscp lm constant_tsc nopl xtopology nonstop_tsc pni pclmulqdq ssse3 cx16 pcid sse4_1 sse4_2 x2apic movbe popcnt aes xsave avx f16c rdrand hypervisor lahf_lm ida arat fsgsbase smep invpcid
bogomips	: 4800.00
clflush size	: 64
cache_alignment	: 64
address sizes	: 36 bits physical, 48 bits virtual
power management:

processor	: 1
vendor_id	: GenuineIntel
cpu family	: 6
model		: 69
model name	: Intel(R) Core(TM) i5-4258U CPU @ 2.40GHz
stepping	: 1
cpu MHz		: 2400.000
cache size	: 3072 KB
physical id	: 0
siblings	: 2
core id		: 1
cpu cores	: 2
apicid		: 1
initial apicid	: 1
fpu		: yes
fpu_exception	: yes
cpuid level	: 13
wp		: yes
flags		: fpu vme de pse tsc msr pae mce cx8 apic sep mtrr pge mca cmov pat pse36 clflush mmx fxsr sse sse2 ss ht syscall nx rdtscp lm constant_tsc nopl xtopology nonstop_tsc pni pclmulqdq ssse3 cx16 pcid sse4_1 sse4_2 x2apic movbe popcnt aes xsave avx f16c rdrand hypervisor lahf_lm ida arat fsgsbase smep invpcid
bogomips	: 4800.00
clflush size	: 64
cache_alignment	: 64
address sizes	: 36 bits physical, 48 bits virtual
power management:



Memory: 4k page, physical 3012672k(377308k free), swap 1046524k(153440k free)

vm_info: Java HotSpot(TM) 64-Bit Server VM (25.45-b02) for linux-amd64 JRE (1.8.0_45-b14), built on Apr 10 2015 10:07:45 by "java_re" with gcc 4.3.0 20080428 (Red Hat 4.3.0-8)

time: Sun May 10 22:49:31 2015
elapsed time: 0 seconds (0d 0h 0m 0s)

